::1 - - [25/Feb/2022:09:49:52 +0000] "GET /img/icons/favicon-32x32.png HTTP/1.1" 404 166 "http://localhost:3000/" "Mozilla/5.0 (Windows NT 10.0; Win64; x64) AppleWebKit/537.36 (KHTML, like Gecko) Chrome/98.0.4758.102 Safari/537.36"
::1 - - [25/Feb/2022:09:49:52 +0000] "GET /img/icons/msapplication-icon-144x144.png HTTP/1.1" 404 179 "http://localhost:3000/" "Mozilla/5.0 (Windows NT 10.0; Win64; x64) AppleWebKit/537.36 (KHTML, like Gecko) Chrome/98.0.4758.102 Safari/537.36"
::1 - - [25/Feb/2022:09:49:52 +0000] "GET /img/icons/favicon-16x16.png HTTP/1.1" 404 166 "http://localhost:3000/" "Mozilla/5.0 (Windows NT 10.0; Win64; x64) AppleWebKit/537.36 (KHTML, like Gecko) Chrome/98.0.4758.102 Safari/537.36"
::1 - - [25/Feb/2022:09:49:54 +0000] "GET /service-worker.js HTTP/1.1" 404 156 "http://localhost:3000/service-worker.js" "Mozilla/5.0 (Windows NT 10.0; Win64; x64) AppleWebKit/537.36 (KHTML, like Gecko) Chrome/98.0.4758.102 Safari/537.36"
::1 - - [25/Feb/2022:09:49:55 +0000] "GET /img/icons/msapplication-icon-144x144.png HTTP/1.1" 404 179 "http://localhost:3000/" "Mozilla/5.0 (Windows NT 10.0; Win64; x64) AppleWebKit/537.36 (KHTML, like Gecko) Chrome/98.0.4758.102 Safari/537.36"
::1 - - [25/Feb/2022:09:49:57 +0000] "GET /service-worker.js HTTP/1.1" 404 156 "http://localhost:3000/service-worker.js" "Mozilla/5.0 (Windows NT 10.0; Win64; x64) AppleWebKit/537.36 (KHTML, like Gecko) Chrome/98.0.4758.102 Safari/537.36"
::1 - - [25/Feb/2022:09:50:02 +0000] "GET /api HTTP/1.1" 404 142 "-" "Mozilla/5.0 (Windows NT 10.0; Win64; x64) AppleWebKit/537.36 (KHTML, like Gecko) Chrome/98.0.4758.102 Safari/537.36"
::1 - - [25/Feb/2022:09:50:03 +0000] "GET /service-worker.js HTTP/1.1" 404 156 "http://localhost:3000/service-worker.js" "Mozilla/5.0 (Windows NT 10.0; Win64; x64) AppleWebKit/537.36 (KHTML, like Gecko) Chrome/98.0.4758.102 Safari/537.36"
::1 - - [25/Feb/2022:09:50:07 +0000] "GET /api/docs HTTP/1.1" 301 183 "-" "Mozilla/5.0 (Windows NT 10.0; Win64; x64) AppleWebKit/537.36 (KHTML, like Gecko) Chrome/98.0.4758.102 Safari/537.36"
::1 - - [25/Feb/2022:09:50:07 +0000] "GET /api/docs/ HTTP/1.1" 200 3102 "-" "Mozilla/5.0 (Windows NT 10.0; Win64; x64) AppleWebKit/537.36 (KHTML, like Gecko) Chrome/98.0.4758.102 Safari/537.36"
::1 - - [25/Feb/2022:09:50:07 +0000] "GET /api/docs/swagger-ui-init.js HTTP/1.1" 200 1620 "http://localhost:3000/api/docs/" "Mozilla/5.0 (Windows NT 10.0; Win64; x64) AppleWebKit/537.36 (KHTML, like Gecko) Chrome/98.0.4758.102 Safari/537.36"
::1 - - [25/Feb/2022:09:50:07 +0000] "GET /api/docs/swagger-ui.css HTTP/1.1" 200 143858 "http://localhost:3000/api/docs/" "Mozilla/5.0 (Windows NT 10.0; Win64; x64) AppleWebKit/537.36 (KHTML, like Gecko) Chrome/98.0.4758.102 Safari/537.36"
::1 - - [25/Feb/2022:09:50:07 +0000] "GET /api/docs/swagger-ui-standalone-preset.js HTTP/1.1" 200 319759 "http://localhost:3000/api/docs/" "Mozilla/5.0 (Windows NT 10.0; Win64; x64) AppleWebKit/537.36 (KHTML, like Gecko) Chrome/98.0.4758.102 Safari/537.36"
::1 - - [25/Feb/2022:09:50:07 +0000] "GET /api/docs/swagger-ui-bundle.js HTTP/1.1" 200 1080049 "http://localhost:3000/api/docs/" "Mozilla/5.0 (Windows NT 10.0; Win64; x64) AppleWebKit/537.36 (KHTML, like Gecko) Chrome/98.0.4758.102 Safari/537.36"
::1 - - [25/Feb/2022:09:50:07 +0000] "GET /api/docs/swagger-ui-init.js HTTP/1.1" 200 1620 "-" "Mozilla/5.0 (Windows NT 10.0; Win64; x64) AppleWebKit/537.36 (KHTML, like Gecko) Chrome/98.0.4758.102 Safari/537.36"
::1 - - [25/Feb/2022:09:50:07 +0000] "GET /api/docs/swagger-ui-standalone-preset.js HTTP/1.1" 200 319759 "-" "Mozilla/5.0 (Windows NT 10.0; Win64; x64) AppleWebKit/537.36 (KHTML, like Gecko) Chrome/98.0.4758.102 Safari/537.36"
::1 - - [25/Feb/2022:09:50:07 +0000] "GET /api/docs/swagger-ui-bundle.js HTTP/1.1" 200 1080049 "-" "Mozilla/5.0 (Windows NT 10.0; Win64; x64) AppleWebKit/537.36 (KHTML, like Gecko) Chrome/98.0.4758.102 Safari/537.36"
::1 - - [25/Feb/2022:09:50:07 +0000] "GET /api/docs/favicon-32x32.png HTTP/1.1" 200 628 "http://localhost:3000/api/docs/" "Mozilla/5.0 (Windows NT 10.0; Win64; x64) AppleWebKit/537.36 (KHTML, like Gecko) Chrome/98.0.4758.102 Safari/537.36"
::1 - - [25/Feb/2022:09:50:09 +0000] "GET /service-worker.js HTTP/1.1" 404 156 "http://localhost:3000/service-worker.js" "Mozilla/5.0 (Windows NT 10.0; Win64; x64) AppleWebKit/537.36 (KHTML, like Gecko) Chrome/98.0.4758.102 Safari/537.36"
::1 - - [25/Feb/2022:09:50:44 +0000] "GET /service-worker.js HTTP/1.1" 404 156 "http://localhost:3000/service-worker.js" "Mozilla/5.0 (Windows NT 10.0; Win64; x64) AppleWebKit/537.36 (KHTML, like Gecko) Chrome/98.0.4758.102 Safari/537.36"
::1 - - [25/Feb/2022:09:53:56 +0000] "GET /api/docs/ HTTP/1.1" 304 - "-" "Mozilla/5.0 (Windows NT 10.0; Win64; x64) AppleWebKit/537.36 (KHTML, like Gecko) Chrome/98.0.4758.102 Safari/537.36"
::1 - - [25/Feb/2022:09:53:56 +0000] "GET /api/docs/swagger-ui.css HTTP/1.1" 304 - "http://localhost:3000/api/docs/" "Mozilla/5.0 (Windows NT 10.0; Win64; x64) AppleWebKit/537.36 (KHTML, like Gecko) Chrome/98.0.4758.102 Safari/537.36"
::1 - - [25/Feb/2022:09:53:56 +0000] "GET /api/docs/swagger-ui-bundle.js HTTP/1.1" 304 - "http://localhost:3000/api/docs/" "Mozilla/5.0 (Windows NT 10.0; Win64; x64) AppleWebKit/537.36 (KHTML, like Gecko) Chrome/98.0.4758.102 Safari/537.36"
::1 - - [25/Feb/2022:09:53:56 +0000] "GET /api/docs/swagger-ui-init.js HTTP/1.1" 200 1573 "http://localhost:3000/api/docs/" "Mozilla/5.0 (Windows NT 10.0; Win64; x64) AppleWebKit/537.36 (KHTML, like Gecko) Chrome/98.0.4758.102 Safari/537.36"
::1 - - [25/Feb/2022:09:53:56 +0000] "GET /api/docs/swagger-ui-standalone-preset.js HTTP/1.1" 304 - "http://localhost:3000/api/docs/" "Mozilla/5.0 (Windows NT 10.0; Win64; x64) AppleWebKit/537.36 (KHTML, like Gecko) Chrome/98.0.4758.102 Safari/537.36"
::1 - - [25/Feb/2022:09:53:56 +0000] "GET /api/docs/favicon-32x32.png HTTP/1.1" 304 - "http://localhost:3000/api/docs/" "Mozilla/5.0 (Windows NT 10.0; Win64; x64) AppleWebKit/537.36 (KHTML, like Gecko) Chrome/98.0.4758.102 Safari/537.36"
::1 - - [25/Feb/2022:09:53:58 +0000] "GET /service-worker.js HTTP/1.1" 404 156 "http://localhost:3000/service-worker.js" "Mozilla/5.0 (Windows NT 10.0; Win64; x64) AppleWebKit/537.36 (KHTML, like Gecko) Chrome/98.0.4758.102 Safari/537.36"
::1 - - [25/Feb/2022:09:54:10 +0000] "GET /api/docs/ HTTP/1.1" 304 - "-" "Mozilla/5.0 (Windows NT 10.0; Win64; x64) AppleWebKit/537.36 (KHTML, like Gecko) Chrome/98.0.4758.102 Safari/537.36"
::1 - - [25/Feb/2022:09:54:10 +0000] "GET /api/docs/swagger-ui.css HTTP/1.1" 304 - "http://localhost:3000/api/docs/" "Mozilla/5.0 (Windows NT 10.0; Win64; x64) AppleWebKit/537.36 (KHTML, like Gecko) Chrome/98.0.4758.102 Safari/537.36"
::1 - - [25/Feb/2022:09:54:10 +0000] "GET /api/docs/swagger-ui-bundle.js HTTP/1.1" 304 - "http://localhost:3000/api/docs/" "Mozilla/5.0 (Windows NT 10.0; Win64; x64) AppleWebKit/537.36 (KHTML, like Gecko) Chrome/98.0.4758.102 Safari/537.36"
::1 - - [25/Feb/2022:09:54:10 +0000] "GET /api/docs/swagger-ui-init.js HTTP/1.1" 304 - "http://localhost:3000/api/docs/" "Mozilla/5.0 (Windows NT 10.0; Win64; x64) AppleWebKit/537.36 (KHTML, like Gecko) Chrome/98.0.4758.102 Safari/537.36"
::1 - - [25/Feb/2022:09:54:10 +0000] "GET /api/docs/swagger-ui-standalone-preset.js HTTP/1.1" 304 - "http://localhost:3000/api/docs/" "Mozilla/5.0 (Windows NT 10.0; Win64; x64) AppleWebKit/537.36 (KHTML, like Gecko) Chrome/98.0.4758.102 Safari/537.36"
::1 - - [25/Feb/2022:09:54:10 +0000] "GET /api/docs/swagger-ui-init.js HTTP/1.1" 200 1573 "-" "Mozilla/5.0 (Windows NT 10.0; Win64; x64) AppleWebKit/537.36 (KHTML, like Gecko) Chrome/98.0.4758.102 Safari/537.36"
::1 - - [25/Feb/2022:09:54:10 +0000] "GET /api/docs/swagger-ui-bundle.js HTTP/1.1" 304 - "-" "Mozilla/5.0 (Windows NT 10.0; Win64; x64) AppleWebKit/537.36 (KHTML, like Gecko) Chrome/98.0.4758.102 Safari/537.36"
::1 - - [25/Feb/2022:09:54:10 +0000] "GET /api/docs/swagger-ui-standalone-preset.js HTTP/1.1" 304 - "-" "Mozilla/5.0 (Windows NT 10.0; Win64; x64) AppleWebKit/537.36 (KHTML, like Gecko) Chrome/98.0.4758.102 Safari/537.36"
::1 - - [25/Feb/2022:09:54:10 +0000] "GET /api/docs/favicon-32x32.png HTTP/1.1" 304 - "http://localhost:3000/api/docs/" "Mozilla/5.0 (Windows NT 10.0; Win64; x64) AppleWebKit/537.36 (KHTML, like Gecko) Chrome/98.0.4758.102 Safari/537.36"
::1 - - [25/Feb/2022:09:54:11 +0000] "GET /service-worker.js HTTP/1.1" 404 156 "http://localhost:3000/service-worker.js" "Mozilla/5.0 (Windows NT 10.0; Win64; x64) AppleWebKit/537.36 (KHTML, like Gecko) Chrome/98.0.4758.102 Safari/537.36"
::1 - - [25/Feb/2022:09:54:45 +0000] "GET /api/docs/ HTTP/1.1" 304 - "-" "Mozilla/5.0 (Windows NT 10.0; Win64; x64) AppleWebKit/537.36 (KHTML, like Gecko) Chrome/98.0.4758.102 Safari/537.36"
::1 - - [25/Feb/2022:09:54:45 +0000] "GET /api/docs/swagger-ui.css HTTP/1.1" 304 - "http://localhost:3000/api/docs/" "Mozilla/5.0 (Windows NT 10.0; Win64; x64) AppleWebKit/537.36 (KHTML, like Gecko) Chrome/98.0.4758.102 Safari/537.36"
::1 - - [25/Feb/2022:09:54:45 +0000] "GET /api/docs/swagger-ui-bundle.js HTTP/1.1" 304 - "http://localhost:3000/api/docs/" "Mozilla/5.0 (Windows NT 10.0; Win64; x64) AppleWebKit/537.36 (KHTML, like Gecko) Chrome/98.0.4758.102 Safari/537.36"
::1 - - [25/Feb/2022:09:54:45 +0000] "GET /api/docs/swagger-ui-standalone-preset.js HTTP/1.1" 304 - "http://localhost:3000/api/docs/" "Mozilla/5.0 (Windows NT 10.0; Win64; x64) AppleWebKit/537.36 (KHTML, like Gecko) Chrome/98.0.4758.102 Safari/537.36"
::1 - - [25/Feb/2022:09:54:45 +0000] "GET /api/docs/swagger-ui-init.js HTTP/1.1" 304 - "http://localhost:3000/api/docs/" "Mozilla/5.0 (Windows NT 10.0; Win64; x64) AppleWebKit/537.36 (KHTML, like Gecko) Chrome/98.0.4758.102 Safari/537.36"
::1 - - [25/Feb/2022:09:54:45 +0000] "GET /api/docs/favicon-32x32.png HTTP/1.1" 304 - "http://localhost:3000/api/docs/" "Mozilla/5.0 (Windows NT 10.0; Win64; x64) AppleWebKit/537.36 (KHTML, like Gecko) Chrome/98.0.4758.102 Safari/537.36"
::1 - - [25/Feb/2022:09:54:47 +0000] "GET /service-worker.js HTTP/1.1" 404 156 "http://localhost:3000/service-worker.js" "Mozilla/5.0 (Windows NT 10.0; Win64; x64) AppleWebKit/537.36 (KHTML, like Gecko) Chrome/98.0.4758.102 Safari/537.36"
::1 - - [25/Feb/2022:09:55:01 +0000] "GET /api/docs/ HTTP/1.1" 304 - "-" "Mozilla/5.0 (Windows NT 10.0; Win64; x64) AppleWebKit/537.36 (KHTML, like Gecko) Chrome/98.0.4758.102 Safari/537.36"
::1 - - [25/Feb/2022:09:55:01 +0000] "GET /api/docs/swagger-ui.css HTTP/1.1" 304 - "http://localhost:3000/api/docs/" "Mozilla/5.0 (Windows NT 10.0; Win64; x64) AppleWebKit/537.36 (KHTML, like Gecko) Chrome/98.0.4758.102 Safari/537.36"
::1 - - [25/Feb/2022:09:55:01 +0000] "GET /api/docs/swagger-ui-bundle.js HTTP/1.1" 304 - "http://localhost:3000/api/docs/" "Mozilla/5.0 (Windows NT 10.0; Win64; x64) AppleWebKit/537.36 (KHTML, like Gecko) Chrome/98.0.4758.102 Safari/537.36"
::1 - - [25/Feb/2022:09:55:01 +0000] "GET /api/docs/swagger-ui-init.js HTTP/1.1" 304 - "http://localhost:3000/api/docs/" "Mozilla/5.0 (Windows NT 10.0; Win64; x64) AppleWebKit/537.36 (KHTML, like Gecko) Chrome/98.0.4758.102 Safari/537.36"
::1 - - [25/Feb/2022:09:55:01 +0000] "GET /api/docs/swagger-ui-standalone-preset.js HTTP/1.1" 304 - "http://localhost:3000/api/docs/" "Mozilla/5.0 (Windows NT 10.0; Win64; x64) AppleWebKit/537.36 (KHTML, like Gecko) Chrome/98.0.4758.102 Safari/537.36"
::1 - - [25/Feb/2022:09:55:01 +0000] "GET /api/docs/swagger-ui-bundle.js HTTP/1.1" 304 - "-" "Mozilla/5.0 (Windows NT 10.0; Win64; x64) AppleWebKit/537.36 (KHTML, like Gecko) Chrome/98.0.4758.102 Safari/537.36"
::1 - - [25/Feb/2022:09:55:01 +0000] "GET /api/docs/swagger-ui-init.js HTTP/1.1" 304 - "-" "Mozilla/5.0 (Windows NT 10.0; Win64; x64) AppleWebKit/537.36 (KHTML, like Gecko) Chrome/98.0.4758.102 Safari/537.36"
::1 - - [25/Feb/2022:09:55:01 +0000] "GET /api/docs/swagger-ui-standalone-preset.js HTTP/1.1" 304 - "-" "Mozilla/5.0 (Windows NT 10.0; Win64; x64) AppleWebKit/537.36 (KHTML, like Gecko) Chrome/98.0.4758.102 Safari/537.36"
::1 - - [25/Feb/2022:09:55:01 +0000] "GET /api/docs/favicon-32x32.png HTTP/1.1" 304 - "http://localhost:3000/api/docs/" "Mozilla/5.0 (Windows NT 10.0; Win64; x64) AppleWebKit/537.36 (KHTML, like Gecko) Chrome/98.0.4758.102 Safari/537.36"
::1 - - [25/Feb/2022:09:55:02 +0000] "GET /service-worker.js HTTP/1.1" 404 156 "http://localhost:3000/service-worker.js" "Mozilla/5.0 (Windows NT 10.0; Win64; x64) AppleWebKit/537.36 (KHTML, like Gecko) Chrome/98.0.4758.102 Safari/537.36"
::1 - - [25/Feb/2022:09:55:38 +0000] "GET /service-worker.js HTTP/1.1" 404 156 "http://localhost:3000/service-worker.js" "Mozilla/5.0 (Windows NT 10.0; Win64; x64) AppleWebKit/537.36 (KHTML, like Gecko) Chrome/98.0.4758.102 Safari/537.36"
::1 - - [25/Feb/2022:09:56:06 +0000] "GET /api/docs/ HTTP/1.1" 304 - "-" "Mozilla/5.0 (Windows NT 10.0; Win64; x64) AppleWebKit/537.36 (KHTML, like Gecko) Chrome/98.0.4758.102 Safari/537.36"
::1 - - [25/Feb/2022:09:56:06 +0000] "GET /api/docs/swagger-ui.css HTTP/1.1" 304 - "http://localhost:3000/api/docs/" "Mozilla/5.0 (Windows NT 10.0; Win64; x64) AppleWebKit/537.36 (KHTML, like Gecko) Chrome/98.0.4758.102 Safari/537.36"
::1 - - [25/Feb/2022:09:56:06 +0000] "GET /api/docs/swagger-ui-init.js HTTP/1.1" 304 - "http://localhost:3000/api/docs/" "Mozilla/5.0 (Windows NT 10.0; Win64; x64) AppleWebKit/537.36 (KHTML, like Gecko) Chrome/98.0.4758.102 Safari/537.36"
::1 - - [25/Feb/2022:09:56:06 +0000] "GET /api/docs/swagger-ui-bundle.js HTTP/1.1" 304 - "http://localhost:3000/api/docs/" "Mozilla/5.0 (Windows NT 10.0; Win64; x64) AppleWebKit/537.36 (KHTML, like Gecko) Chrome/98.0.4758.102 Safari/537.36"
::1 - - [25/Feb/2022:09:56:06 +0000] "GET /api/docs/swagger-ui-standalone-preset.js HTTP/1.1" 304 - "http://localhost:3000/api/docs/" "Mozilla/5.0 (Windows NT 10.0; Win64; x64) AppleWebKit/537.36 (KHTML, like Gecko) Chrome/98.0.4758.102 Safari/537.36"
::1 - - [25/Feb/2022:09:56:06 +0000] "GET /api/docs/favicon-32x32.png HTTP/1.1" 304 - "http://localhost:3000/api/docs/" "Mozilla/5.0 (Windows NT 10.0; Win64; x64) AppleWebKit/537.36 (KHTML, like Gecko) Chrome/98.0.4758.102 Safari/537.36"
::1 - - [25/Feb/2022:09:56:07 +0000] "GET /service-worker.js HTTP/1.1" 404 156 "http://localhost:3000/service-worker.js" "Mozilla/5.0 (Windows NT 10.0; Win64; x64) AppleWebKit/537.36 (KHTML, like Gecko) Chrome/98.0.4758.102 Safari/537.36"
::1 - - [25/Feb/2022:09:57:52 +0000] "GET /api/docs/ HTTP/1.1" 404 148 "-" "Mozilla/5.0 (Windows NT 10.0; Win64; x64) AppleWebKit/537.36 (KHTML, like Gecko) Chrome/98.0.4758.102 Safari/537.36"
::1 - - [25/Feb/2022:09:57:54 +0000] "GET /service-worker.js HTTP/1.1" 404 156 "http://localhost:3000/service-worker.js" "Mozilla/5.0 (Windows NT 10.0; Win64; x64) AppleWebKit/537.36 (KHTML, like Gecko) Chrome/98.0.4758.102 Safari/537.36"
::1 - - [25/Feb/2022:09:57:57 +0000] "GET /api/docs/ HTTP/1.1" 404 148 "-" "Mozilla/5.0 (Windows NT 10.0; Win64; x64) AppleWebKit/537.36 (KHTML, like Gecko) Chrome/98.0.4758.102 Safari/537.36"
::1 - - [25/Feb/2022:09:57:58 +0000] "GET /service-worker.js HTTP/1.1" 404 156 "http://localhost:3000/service-worker.js" "Mozilla/5.0 (Windows NT 10.0; Win64; x64) AppleWebKit/537.36 (KHTML, like Gecko) Chrome/98.0.4758.102 Safari/537.36"
::1 - - [25/Feb/2022:09:57:59 +0000] "GET /api/docs/ HTTP/1.1" 404 148 "-" "Mozilla/5.0 (Windows NT 10.0; Win64; x64) AppleWebKit/537.36 (KHTML, like Gecko) Chrome/98.0.4758.102 Safari/537.36"
::1 - - [25/Feb/2022:09:58:01 +0000] "GET /service-worker.js HTTP/1.1" 404 156 "http://localhost:3000/service-worker.js" "Mozilla/5.0 (Windows NT 10.0; Win64; x64) AppleWebKit/537.36 (KHTML, like Gecko) Chrome/98.0.4758.102 Safari/537.36"
::1 - - [25/Feb/2022:09:58:11 +0000] "GET /api/docs/ HTTP/1.1" 200 3102 "-" "Mozilla/5.0 (Windows NT 10.0; Win64; x64) AppleWebKit/537.36 (KHTML, like Gecko) Chrome/98.0.4758.102 Safari/537.36"
::1 - - [25/Feb/2022:09:58:12 +0000] "GET /api/docs/swagger-ui.css HTTP/1.1" 304 - "http://localhost:3000/api/docs/" "Mozilla/5.0 (Windows NT 10.0; Win64; x64) AppleWebKit/537.36 (KHTML, like Gecko) Chrome/98.0.4758.102 Safari/537.36"
::1 - - [25/Feb/2022:09:58:12 +0000] "GET /api/docs/swagger-ui-bundle.js HTTP/1.1" 304 - "http://localhost:3000/api/docs/" "Mozilla/5.0 (Windows NT 10.0; Win64; x64) AppleWebKit/537.36 (KHTML, like Gecko) Chrome/98.0.4758.102 Safari/537.36"
::1 - - [25/Feb/2022:09:58:12 +0000] "GET /api/docs/swagger-ui-standalone-preset.js HTTP/1.1" 304 - "http://localhost:3000/api/docs/" "Mozilla/5.0 (Windows NT 10.0; Win64; x64) AppleWebKit/537.36 (KHTML, like Gecko) Chrome/98.0.4758.102 Safari/537.36"
::1 - - [25/Feb/2022:09:58:12 +0000] "GET /api/docs/swagger-ui-init.js HTTP/1.1" 200 18343 "http://localhost:3000/api/docs/" "Mozilla/5.0 (Windows NT 10.0; Win64; x64) AppleWebKit/537.36 (KHTML, like Gecko) Chrome/98.0.4758.102 Safari/537.36"
::1 - - [25/Feb/2022:09:58:12 +0000] "GET /api/docs/swagger-ui-init.js HTTP/1.1" 200 18343 "-" "Mozilla/5.0 (Windows NT 10.0; Win64; x64) AppleWebKit/537.36 (KHTML, like Gecko) Chrome/98.0.4758.102 Safari/537.36"
::1 - - [25/Feb/2022:09:58:12 +0000] "GET /api/docs/swagger-ui-standalone-preset.js HTTP/1.1" 304 - "-" "Mozilla/5.0 (Windows NT 10.0; Win64; x64) AppleWebKit/537.36 (KHTML, like Gecko) Chrome/98.0.4758.102 Safari/537.36"
::1 - - [25/Feb/2022:09:58:12 +0000] "GET /api/docs/swagger-ui-bundle.js HTTP/1.1" 304 - "-" "Mozilla/5.0 (Windows NT 10.0; Win64; x64) AppleWebKit/537.36 (KHTML, like Gecko) Chrome/98.0.4758.102 Safari/537.36"
::1 - - [25/Feb/2022:09:58:12 +0000] "GET /api/docs/favicon-32x32.png HTTP/1.1" 304 - "http://localhost:3000/api/docs/" "Mozilla/5.0 (Windows NT 10.0; Win64; x64) AppleWebKit/537.36 (KHTML, like Gecko) Chrome/98.0.4758.102 Safari/537.36"
::1 - - [25/Feb/2022:09:58:13 +0000] "GET /service-worker.js HTTP/1.1" 404 156 "http://localhost:3000/service-worker.js" "Mozilla/5.0 (Windows NT 10.0; Win64; x64) AppleWebKit/537.36 (KHTML, like Gecko) Chrome/98.0.4758.102 Safari/537.36"
::1 - - [25/Feb/2022:09:58:49 +0000] "GET /service-worker.js HTTP/1.1" 404 156 "http://localhost:3000/service-worker.js" "Mozilla/5.0 (Windows NT 10.0; Win64; x64) AppleWebKit/537.36 (KHTML, like Gecko) Chrome/98.0.4758.102 Safari/537.36"
::1 - - [25/Feb/2022:10:23:11 +0000] "GET /api/docs/ HTTP/1.1" 304 - "-" "Mozilla/5.0 (Windows NT 10.0; Win64; x64) AppleWebKit/537.36 (KHTML, like Gecko) Chrome/98.0.4758.102 Safari/537.36"
::1 - - [25/Feb/2022:10:23:11 +0000] "GET /api/docs/swagger-ui.css HTTP/1.1" 304 - "http://localhost:3000/api/docs/" "Mozilla/5.0 (Windows NT 10.0; Win64; x64) AppleWebKit/537.36 (KHTML, like Gecko) Chrome/98.0.4758.102 Safari/537.36"
::1 - - [25/Feb/2022:10:23:11 +0000] "GET /api/docs/swagger-ui-bundle.js HTTP/1.1" 304 - "http://localhost:3000/api/docs/" "Mozilla/5.0 (Windows NT 10.0; Win64; x64) AppleWebKit/537.36 (KHTML, like Gecko) Chrome/98.0.4758.102 Safari/537.36"
::1 - - [25/Feb/2022:10:23:11 +0000] "GET /api/docs/swagger-ui-init.js HTTP/1.1" 200 16245 "http://localhost:3000/api/docs/" "Mozilla/5.0 (Windows NT 10.0; Win64; x64) AppleWebKit/537.36 (KHTML, like Gecko) Chrome/98.0.4758.102 Safari/537.36"
::1 - - [25/Feb/2022:10:23:11 +0000] "GET /api/docs/swagger-ui-standalone-preset.js HTTP/1.1" 304 - "http://localhost:3000/api/docs/" "Mozilla/5.0 (Windows NT 10.0; Win64; x64) AppleWebKit/537.36 (KHTML, like Gecko) Chrome/98.0.4758.102 Safari/537.36"
::1 - - [25/Feb/2022:10:23:12 +0000] "GET /api/docs/favicon-32x32.png HTTP/1.1" 304 - "http://localhost:3000/api/docs/" "Mozilla/5.0 (Windows NT 10.0; Win64; x64) AppleWebKit/537.36 (KHTML, like Gecko) Chrome/98.0.4758.102 Safari/537.36"
::1 - - [25/Feb/2022:10:23:13 +0000] "GET /service-worker.js HTTP/1.1" 404 156 "http://localhost:3000/service-worker.js" "Mozilla/5.0 (Windows NT 10.0; Win64; x64) AppleWebKit/537.36 (KHTML, like Gecko) Chrome/98.0.4758.102 Safari/537.36"
::1 - - [25/Feb/2022:10:23:49 +0000] "GET /service-worker.js HTTP/1.1" 404 156 "http://localhost:3000/service-worker.js" "Mozilla/5.0 (Windows NT 10.0; Win64; x64) AppleWebKit/537.36 (KHTML, like Gecko) Chrome/98.0.4758.102 Safari/537.36"
::1 - - [25/Feb/2022:12:00:15 +0000] "GET /api/docs/ HTTP/1.1" 500 39 "-" "Mozilla/5.0 (Windows NT 10.0; Win64; x64) AppleWebKit/537.36 (KHTML, like Gecko) Chrome/98.0.4758.102 Safari/537.36"
::1 - - [25/Feb/2022:12:00:15 +0000] "GET /favicon.ico HTTP/1.1" 500 39 "http://localhost:3000/api/docs/" "Mozilla/5.0 (Windows NT 10.0; Win64; x64) AppleWebKit/537.36 (KHTML, like Gecko) Chrome/98.0.4758.102 Safari/537.36"
::1 - - [25/Feb/2022:12:00:15 +0000] "GET /images/icons/gear.png HTTP/1.1" 500 39 "http://localhost:3000/api/docs/" "Mozilla/5.0 (Windows NT 10.0; Win64; x64) AppleWebKit/537.36 (KHTML, like Gecko) Chrome/98.0.4758.102 Safari/537.36"
::1 - - [25/Feb/2022:12:00:17 +0000] "GET /service-worker.js HTTP/1.1" 500 39 "http://localhost:3000/service-worker.js" "Mozilla/5.0 (Windows NT 10.0; Win64; x64) AppleWebKit/537.36 (KHTML, like Gecko) Chrome/98.0.4758.102 Safari/537.36"
::1 - - [25/Feb/2022:12:00:52 +0000] "GET /service-worker.js HTTP/1.1" 500 39 "http://localhost:3000/service-worker.js" "Mozilla/5.0 (Windows NT 10.0; Win64; x64) AppleWebKit/537.36 (KHTML, like Gecko) Chrome/98.0.4758.102 Safari/537.36"
::1 - - [25/Feb/2022:12:03:59 +0000] "GET /api/docs/ HTTP/1.1" 200 3102 "-" "Mozilla/5.0 (Windows NT 10.0; Win64; x64) AppleWebKit/537.36 (KHTML, like Gecko) Chrome/98.0.4758.102 Safari/537.36"
::1 - - [25/Feb/2022:12:03:59 +0000] "GET /api/docs/swagger-ui.css HTTP/1.1" 304 - "http://localhost:3000/api/docs/" "Mozilla/5.0 (Windows NT 10.0; Win64; x64) AppleWebKit/537.36 (KHTML, like Gecko) Chrome/98.0.4758.102 Safari/537.36"
::1 - - [25/Feb/2022:12:03:59 +0000] "GET /api/docs/swagger-ui-bundle.js HTTP/1.1" 304 - "http://localhost:3000/api/docs/" "Mozilla/5.0 (Windows NT 10.0; Win64; x64) AppleWebKit/537.36 (KHTML, like Gecko) Chrome/98.0.4758.102 Safari/537.36"
::1 - - [25/Feb/2022:12:03:59 +0000] "GET /api/docs/swagger-ui-init.js HTTP/1.1" 200 15727 "http://localhost:3000/api/docs/" "Mozilla/5.0 (Windows NT 10.0; Win64; x64) AppleWebKit/537.36 (KHTML, like Gecko) Chrome/98.0.4758.102 Safari/537.36"
::1 - - [25/Feb/2022:12:03:59 +0000] "GET /api/docs/swagger-ui-standalone-preset.js HTTP/1.1" 304 - "http://localhost:3000/api/docs/" "Mozilla/5.0 (Windows NT 10.0; Win64; x64) AppleWebKit/537.36 (KHTML, like Gecko) Chrome/98.0.4758.102 Safari/537.36"
::1 - - [25/Feb/2022:12:03:59 +0000] "GET /api/docs/swagger-ui-init.js HTTP/1.1" 200 15727 "-" "Mozilla/5.0 (Windows NT 10.0; Win64; x64) AppleWebKit/537.36 (KHTML, like Gecko) Chrome/98.0.4758.102 Safari/537.36"
::1 - - [25/Feb/2022:12:03:59 +0000] "GET /api/docs/swagger-ui-standalone-preset.js HTTP/1.1" 304 - "-" "Mozilla/5.0 (Windows NT 10.0; Win64; x64) AppleWebKit/537.36 (KHTML, like Gecko) Chrome/98.0.4758.102 Safari/537.36"
::1 - - [25/Feb/2022:12:03:59 +0000] "GET /api/docs/swagger-ui-bundle.js HTTP/1.1" 304 - "-" "Mozilla/5.0 (Windows NT 10.0; Win64; x64) AppleWebKit/537.36 (KHTML, like Gecko) Chrome/98.0.4758.102 Safari/537.36"
::1 - - [25/Feb/2022:12:03:59 +0000] "GET /api/docs/favicon-32x32.png HTTP/1.1" 304 - "http://localhost:3000/api/docs/" "Mozilla/5.0 (Windows NT 10.0; Win64; x64) AppleWebKit/537.36 (KHTML, like Gecko) Chrome/98.0.4758.102 Safari/537.36"
::1 - - [25/Feb/2022:12:04:01 +0000] "GET /service-worker.js HTTP/1.1" 404 156 "http://localhost:3000/service-worker.js" "Mozilla/5.0 (Windows NT 10.0; Win64; x64) AppleWebKit/537.36 (KHTML, like Gecko) Chrome/98.0.4758.102 Safari/537.36"
::1 - - [25/Feb/2022:12:04:07 +0000] "GET /api/users HTTP/1.1" 200 5 "-" "Mozilla/5.0 (Windows NT 10.0; Win64; x64) AppleWebKit/537.36 (KHTML, like Gecko) Chrome/98.0.4758.102 Safari/537.36"
::1 - - [25/Feb/2022:12:04:07 +0000] "GET /favicon.ico HTTP/1.1" 404 150 "http://localhost:3000/api/users" "Mozilla/5.0 (Windows NT 10.0; Win64; x64) AppleWebKit/537.36 (KHTML, like Gecko) Chrome/98.0.4758.102 Safari/537.36"
::1 - - [25/Feb/2022:12:04:09 +0000] "GET /service-worker.js HTTP/1.1" 404 156 "http://localhost:3000/service-worker.js" "Mozilla/5.0 (Windows NT 10.0; Win64; x64) AppleWebKit/537.36 (KHTML, like Gecko) Chrome/98.0.4758.102 Safari/537.36"
::1 - - [25/Feb/2022:12:04:44 +0000] "GET /service-worker.js HTTP/1.1" 404 156 "http://localhost:3000/service-worker.js" "Mozilla/5.0 (Windows NT 10.0; Win64; x64) AppleWebKit/537.36 (KHTML, like Gecko) Chrome/98.0.4758.102 Safari/537.36"
::1 - - [25/Feb/2022:12:05:12 +0000] "GET /api/tasks HTTP/1.1" 200 5 "-" "Mozilla/5.0 (Windows NT 10.0; Win64; x64) AppleWebKit/537.36 (KHTML, like Gecko) Chrome/98.0.4758.102 Safari/537.36"
::1 - - [25/Feb/2022:12:05:13 +0000] "GET /service-worker.js HTTP/1.1" 404 156 "http://localhost:3000/service-worker.js" "Mozilla/5.0 (Windows NT 10.0; Win64; x64) AppleWebKit/537.36 (KHTML, like Gecko) Chrome/98.0.4758.102 Safari/537.36"
::1 - - [25/Feb/2022:12:05:49 +0000] "GET /service-worker.js HTTP/1.1" 404 156 "http://localhost:3000/service-worker.js" "Mozilla/5.0 (Windows NT 10.0; Win64; x64) AppleWebKit/537.36 (KHTML, like Gecko) Chrome/98.0.4758.102 Safari/537.36"
::1 - - [25/Feb/2022:12:19:31 +0000] "POST /api/users HTTP/1.1" 201 105 "-" "PostmanRuntime/7.29.0"
::1 - - [25/Feb/2022:12:20:25 +0000] "POST /api/users HTTP/1.1" 201 39 "-" "PostmanRuntime/7.29.0"
::1 - - [25/Feb/2022:12:24:10 +0000] "POST /api/tasks HTTP/1.1" 201 94 "-" "PostmanRuntime/7.29.0"
::1 - - [25/Feb/2022:12:27:13 +0000] "POST /api/tasks HTTP/1.1" 201 27 "-" "PostmanRuntime/7.29.0"
::1 - - [25/Feb/2022:12:27:50 +0000] "POST /api/tasks HTTP/1.1" 201 633 "-" "PostmanRuntime/7.29.0"
::1 - - [25/Feb/2022:12:28:16 +0000] "POST /api/tasks HTTP/1.1" 201 76 "-" "PostmanRuntime/7.29.0"
::1 - - [25/Feb/2022:12:34:43 +0000] "POST /api/tasks HTTP/1.1" 201 76 "-" "PostmanRuntime/7.29.0"
::1 - - [25/Feb/2022:12:44:31 +0000] "POST /api/tasks HTTP/1.1" 500 18 "-" "PostmanRuntime/7.29.0"
::1 - - [25/Feb/2022:12:44:58 +0000] "POST /api/tasks HTTP/1.1" 500 18 "-" "PostmanRuntime/7.29.0"
::1 - - [25/Feb/2022:12:46:11 +0000] "POST /api/tasks HTTP/1.1" 500 18 "-" "PostmanRuntime/7.29.0"
::1 - - [25/Feb/2022:12:46:24 +0000] "POST /api/tasks HTTP/1.1" 500 18 "-" "PostmanRuntime/7.29.0"
::1 - - [25/Feb/2022:12:46:56 +0000] "POST /api/tasks HTTP/1.1" 500 18 "-" "PostmanRuntime/7.29.0"
::1 - - [25/Feb/2022:12:47:12 +0000] "POST /api/tasks HTTP/1.1" 500 18 "-" "PostmanRuntime/7.29.0"
::1 - - [25/Feb/2022:12:47:39 +0000] "POST /api/tasks HTTP/1.1" 500 18 "-" "PostmanRuntime/7.29.0"
::1 - - [25/Feb/2022:12:48:51 +0000] "POST /api/tasks HTTP/1.1" 500 18 "-" "PostmanRuntime/7.29.0"
::1 - - [25/Feb/2022:12:49:16 +0000] "POST /api/tasks HTTP/1.1" 201 76 "-" "PostmanRuntime/7.29.0"
::1 - - [25/Feb/2022:12:49:37 +0000] "GET /api/tasks/6218d04c387e29f0488c144f HTTP/1.1" 200 116 "-" "PostmanRuntime/7.29.0"
::1 - - [25/Feb/2022:12:53:56 +0000] "GET /api/tasks HTTP/1.1" 200 109 "-" "PostmanRuntime/7.29.0"
::1 - - [25/Feb/2022:12:59:01 +0000] "GET /api/tasks HTTP/1.1" 200 109 "-" "PostmanRuntime/7.29.0"
::1 - - [25/Feb/2022:12:59:08 +0000] "GET /api/tasks/6218d04c387e29f0488c144f HTTP/1.1" 200 107 "-" "PostmanRuntime/7.29.0"
::1 - - [25/Feb/2022:12:59:15 +0000] "PUT /api/tasks/6218d04c387e29f0488c144f HTTP/1.1" 200 107 "-" "PostmanRuntime/7.29.0"
::1 - - [25/Feb/2022:12:59:21 +0000] "GET /api/tasks/6218d04c387e29f0488c144f HTTP/1.1" 200 117 "-" "PostmanRuntime/7.29.0"
::1 - - [25/Feb/2022:13:00:07 +0000] "GET /api/tasks HTTP/1.1" 200 119 "-" "PostmanRuntime/7.29.0"
::1 - - [25/Feb/2022:15:24:15 +0000] "POST /api/users HTTP/1.1" 201 39 "-" "PostmanRuntime/7.29.0"
::1 - - [25/Feb/2022:15:24:28 +0000] "POST /api/users/login HTTP/1.1" - - "-" "PostmanRuntime/7.29.0"
::1 - - [25/Feb/2022:15:24:44 +0000] "POST /api/users/login HTTP/1.1" 500 2 "-" "PostmanRuntime/7.29.0"
::1 - - [25/Feb/2022:15:25:10 +0000] "POST /api/users/login HTTP/1.1" 500 2 "-" "PostmanRuntime/7.29.0"
::1 - - [25/Feb/2022:15:26:35 +0000] "POST /api/users/login HTTP/1.1" 500 2 "-" "PostmanRuntime/7.29.0"
::1 - - [25/Feb/2022:15:27:00 +0000] "POST /api/users/login HTTP/1.1" 500 2 "-" "PostmanRuntime/7.29.0"
::1 - - [25/Feb/2022:15:27:12 +0000] "POST /api/users/login HTTP/1.1" 500 2 "-" "PostmanRuntime/7.29.0"
::1 - - [25/Feb/2022:15:27:27 +0000] "POST /api/users/login HTTP/1.1" 200 266 "-" "PostmanRuntime/7.29.0"
::1 - - [25/Feb/2022:15:28:46 +0000] "POST /api/users/login HTTP/1.1" 200 266 "-" "PostmanRuntime/7.29.0"
::1 - - [25/Feb/2022:15:29:35 +0000] "POST /api/users/logout HTTP/1.1" - - "-" "PostmanRuntime/7.29.0"
::1 - - [25/Feb/2022:15:39:28 +0000] "POST /api/users HTTP/1.1" 201 39 "-" "PostmanRuntime/7.29.0"
::1 - - [25/Feb/2022:15:39:34 +0000] "POST /api/users/login HTTP/1.1" 200 447 "-" "PostmanRuntime/7.29.0"
::1 - - [25/Feb/2022:15:42:39 +0000] "POST /api/users/login HTTP/1.1" 200 447 "-" "PostmanRuntime/7.29.0"
::1 - - [25/Feb/2022:15:44:19 +0000] "POST /api/users/logout HTTP/1.1" - - "-" "PostmanRuntime/7.29.0"
::1 - - [25/Feb/2022:15:45:38 +0000] "POST /api/users/logout HTTP/1.1" - - "-" "PostmanRuntime/7.29.0"
::1 - - [25/Feb/2022:15:46:18 +0000] "POST /api/users/logout HTTP/1.1" - - "-" "PostmanRuntime/7.29.0"
::1 - - [25/Feb/2022:15:47:16 +0000] "POST /api/users/logout HTTP/1.1" - - "-" "PostmanRuntime/7.29.0"
::1 - - [25/Feb/2022:15:47:45 +0000] "POST /api/users/logout HTTP/1.1" - - "-" "PostmanRuntime/7.29.0"
::1 - - [25/Feb/2022:15:48:24 +0000] "POST /api/users/logout HTTP/1.1" 500 41 "-" "PostmanRuntime/7.29.0"
::1 - - [25/Feb/2022:15:48:44 +0000] "POST /api/users/logout HTTP/1.1" 200 42 "-" "PostmanRuntime/7.29.0"
::1 - - [25/Feb/2022:15:50:14 +0000] "POST /api/users/logout HTTP/1.1" 200 42 "-" "PostmanRuntime/7.29.0"
::1 - - [25/Feb/2022:16:01:14 +0000] "POST /api/users/login HTTP/1.1" 200 447 "-" "PostmanRuntime/7.29.0"
::1 - - [25/Feb/2022:16:01:31 +0000] "POST /api/users/refresh HTTP/1.1" 500 18 "-" "PostmanRuntime/7.29.0"
::1 - - [25/Feb/2022:16:01:56 +0000] "POST /api/users/refresh HTTP/1.1" 500 18 "-" "PostmanRuntime/7.29.0"
::1 - - [25/Feb/2022:16:02:27 +0000] "POST /api/users/refresh HTTP/1.1" 500 18 "-" "PostmanRuntime/7.29.0"
::1 - - [25/Feb/2022:16:02:45 +0000] "POST /api/users/refresh HTTP/1.1" 500 18 "-" "PostmanRuntime/7.29.0"
::1 - - [25/Feb/2022:16:03:37 +0000] "POST /api/users HTTP/1.1" 201 39 "-" "PostmanRuntime/7.29.0"
::1 - - [25/Feb/2022:16:03:45 +0000] "POST /api/login HTTP/1.1" 404 149 "-" "PostmanRuntime/7.29.0"
::1 - - [25/Feb/2022:16:03:53 +0000] "POST /api/users/login HTTP/1.1" 200 447 "-" "PostmanRuntime/7.29.0"
::1 - - [25/Feb/2022:16:04:09 +0000] "POST /api/users/refresh HTTP/1.1" 200 252 "-" "PostmanRuntime/7.29.0"
::1 - - [25/Feb/2022:16:04:34 +0000] "POST /api/users/logout HTTP/1.1" 200 42 "-" "PostmanRuntime/7.29.0"
::1 - - [25/Feb/2022:17:11:13 +0000] "POST /api/users/login HTTP/1.1" 200 447 "-" "PostmanRuntime/7.29.0"
::1 - - [25/Feb/2022:17:11:57 +0000] "POST /api/tasks HTTP/1.1" 500 18 "-" "PostmanRuntime/7.29.0"
::1 - - [25/Feb/2022:17:12:45 +0000] "POST /api/tasks HTTP/1.1" 201 76 "-" "PostmanRuntime/7.29.0"
::1 - - [25/Feb/2022:17:12:58 +0000] "PUT /api/tasks/62190e0dfcc3b95885705f45 HTTP/1.1" 500 2 "-" "PostmanRuntime/7.29.0"
::1 - - [25/Feb/2022:17:13:29 +0000] "PUT /api/tasks/62190e0dfcc3b95885705f45 HTTP/1.1" 200 100 "-" "PostmanRuntime/7.29.0"
::1 - - [25/Feb/2022:17:13:37 +0000] "GET /api/tasks/62190e0dfcc3b95885705f45 HTTP/1.1" 200 119 "-" "PostmanRuntime/7.29.0"
::1 - - [25/Feb/2022:17:13:46 +0000] "DELETE /api/tasks/62190e0dfcc3b95885705f45 HTTP/1.1" 200 119 "-" "PostmanRuntime/7.29.0"
::1 - - [25/Feb/2022:17:14:06 +0000] "POST /api/tasks HTTP/1.1" 201 76 "-" "PostmanRuntime/7.29.0"
::1 - - [26/Feb/2022:08:41:53 +0000] "GET /api/tasks HTTP/1.1" 200 239 "-" "PostmanRuntime/7.29.0"
::1 - - [26/Feb/2022:08:42:19 +0000] "GET /api/tasks?sortBy=desc HTTP/1.1" 200 239 "-" "PostmanRuntime/7.29.0"
::1 - - [26/Feb/2022:08:42:49 +0000] "GET /api/tasks?status=pending HTTP/1.1" 200 239 "-" "PostmanRuntime/7.29.0"
::1 - - [26/Feb/2022:08:42:55 +0000] "GET /api/tasks?status=completed HTTP/1.1" 500 18 "-" "PostmanRuntime/7.29.0"
::1 - - [26/Feb/2022:08:43:45 +0000] "GET /api/tasks?status=pending&limit=1&skip=1 HTTP/1.1" 200 121 "-" "PostmanRuntime/7.29.0"
::1 - - [26/Feb/2022:08:43:58 +0000] "GET /api/tasks?status=pending&limit=1 HTTP/1.1" 200 119 "-" "PostmanRuntime/7.29.0"
::1 - - [26/Feb/2022:08:45:18 +0000] "GET /api/tasks?status=pending&limit=1&sortBy=name:asc HTTP/1.1" 200 119 "-" "PostmanRuntime/7.29.0"
::1 - - [26/Feb/2022:08:45:22 +0000] "GET /api/tasks?status=pending&sortBy=name:asc HTTP/1.1" 200 239 "-" "PostmanRuntime/7.29.0"
::1 - - [26/Feb/2022:08:45:29 +0000] "GET /api/tasks?status=pending&sortBy=name:desc HTTP/1.1" 200 239 "-" "PostmanRuntime/7.29.0"
::1 - - [26/Feb/2022:08:45:50 +0000] "GET /api/tasks?status=pending&sortBy=title:desc HTTP/1.1" 200 239 "-" "PostmanRuntime/7.29.0"
::1 - - [26/Feb/2022:08:45:56 +0000] "GET /api/tasks?status=pending&sortBy=title:asc HTTP/1.1" 200 239 "-" "PostmanRuntime/7.29.0"
::1 - - [26/Feb/2022:08:59:52 +0000] "GET /api/tasks HTTP/1.1" 500 25 "-" "PostmanRuntime/7.29.0"
::1 - - [26/Feb/2022:09:00:39 +0000] "POST /api/login HTTP/1.1" 404 149 "-" "PostmanRuntime/7.29.0"
::1 - - [26/Feb/2022:09:00:46 +0000] "POST /api/users/login HTTP/1.1" 500 18 "-" "PostmanRuntime/7.29.0"
::1 - - [26/Feb/2022:09:00:52 +0000] "POST /api/users/login HTTP/1.1" 500 18 "-" "PostmanRuntime/7.29.0"
::1 - - [26/Feb/2022:09:01:08 +0000] "POST /api/users/login HTTP/1.1" 500 18 "-" "PostmanRuntime/7.29.0"
::1 - - [26/Feb/2022:09:01:28 +0000] "POST /api/users HTTP/1.1" 201 39 "-" "PostmanRuntime/7.29.0"
::1 - - [26/Feb/2022:09:01:36 +0000] "POST /api/users/login HTTP/1.1" 200 449 "-" "PostmanRuntime/7.29.0"
::1 - - [26/Feb/2022:09:02:18 +0000] "POST /api/tasks HTTP/1.1" 201 76 "-" "PostmanRuntime/7.29.0"
::1 - - [26/Feb/2022:09:02:25 +0000] "POST /api/tasks HTTP/1.1" 201 76 "-" "PostmanRuntime/7.29.0"
::1 - - [26/Feb/2022:09:02:30 +0000] "POST /api/tasks HTTP/1.1" 201 76 "-" "PostmanRuntime/7.29.0"
::1 - - [26/Feb/2022:09:02:36 +0000] "POST /api/tasks HTTP/1.1" 201 76 "-" "PostmanRuntime/7.29.0"
::1 - - [26/Feb/2022:09:02:43 +0000] "POST /api/tasks HTTP/1.1" 201 76 "-" "PostmanRuntime/7.29.0"
::1 - - [26/Feb/2022:09:02:49 +0000] "POST /api/tasks HTTP/1.1" 201 76 "-" "PostmanRuntime/7.29.0"
::1 - - [26/Feb/2022:09:02:54 +0000] "POST /api/tasks HTTP/1.1" 201 76 "-" "PostmanRuntime/7.29.0"
::1 - - [26/Feb/2022:09:02:57 +0000] "POST /api/tasks HTTP/1.1" 201 76 "-" "PostmanRuntime/7.29.0"
::1 - - [26/Feb/2022:09:03:00 +0000] "POST /api/tasks HTTP/1.1" 201 76 "-" "PostmanRuntime/7.29.0"
::1 - - [26/Feb/2022:09:03:03 +0000] "POST /api/tasks HTTP/1.1" 201 76 "-" "PostmanRuntime/7.29.0"
::1 - - [26/Feb/2022:09:03:11 +0000] "POST /api/tasks HTTP/1.1" 201 76 "-" "PostmanRuntime/7.29.0"
::1 - - [26/Feb/2022:09:03:14 +0000] "POST /api/tasks HTTP/1.1" 201 76 "-" "PostmanRuntime/7.29.0"
::1 - - [26/Feb/2022:09:03:17 +0000] "POST /api/tasks HTTP/1.1" 201 76 "-" "PostmanRuntime/7.29.0"
::1 - - [26/Feb/2022:09:03:20 +0000] "POST /api/tasks HTTP/1.1" 201 76 "-" "PostmanRuntime/7.29.0"
::1 - - [26/Feb/2022:09:03:40 +0000] "GET /api/tasks HTTP/1.1" 500 2 "-" "PostmanRuntime/7.29.0"
::1 - - [26/Feb/2022:09:04:31 +0000] "GET /api/tasks HTTP/1.1" 500 2 "-" "PostmanRuntime/7.29.0"
::1 - - [26/Feb/2022:09:04:51 +0000] "GET /api/tasks HTTP/1.1" 500 2 "-" "PostmanRuntime/7.29.0"
::1 - - [26/Feb/2022:09:05:38 +0000] "GET /api/tasks HTTP/1.1" 500 18 "-" "PostmanRuntime/7.29.0"
::1 - - [26/Feb/2022:09:05:58 +0000] "GET /api/tasks HTTP/1.1" 500 18 "-" "PostmanRuntime/7.29.0"
::1 - - [26/Feb/2022:09:06:18 +0000] "GET /api/tasks HTTP/1.1" 500 18 "-" "PostmanRuntime/7.29.0"
::1 - - [26/Feb/2022:09:06:55 +0000] "GET /api/tasks HTTP/1.1" 500 18 "-" "PostmanRuntime/7.29.0"
::1 - - [26/Feb/2022:09:07:10 +0000] "GET /api/tasks HTTP/1.1" 500 18 "-" "PostmanRuntime/7.29.0"
::1 - - [26/Feb/2022:09:07:31 +0000] "GET /api/tasks HTTP/1.1" 500 18 "-" "PostmanRuntime/7.29.0"
::1 - - [26/Feb/2022:09:07:48 +0000] "GET /api/tasks HTTP/1.1" 500 18 "-" "PostmanRuntime/7.29.0"
::1 - - [26/Feb/2022:09:08:03 +0000] "GET /api/tasks HTTP/1.1" 404 16 "-" "PostmanRuntime/7.29.0"
::1 - - [26/Feb/2022:09:09:14 +0000] "GET /api/tasks HTTP/1.1" 200 2 "-" "PostmanRuntime/7.29.0"
::1 - - [26/Feb/2022:09:09:42 +0000] "GET /api/tasks HTTP/1.1" 404 28 "-" "PostmanRuntime/7.29.0"
::1 - - [26/Feb/2022:09:10:04 +0000] "GET /api/tasks HTTP/1.1" 404 28 "-" "PostmanRuntime/7.29.0"
::1 - - [26/Feb/2022:09:10:39 +0000] "GET /api/tasks HTTP/1.1" 200 1611 "-" "PostmanRuntime/7.29.0"
::1 - - [26/Feb/2022:09:10:59 +0000] "GET /api/tasks?limit=3 HTTP/1.1" 200 346 "-" "PostmanRuntime/7.29.0"
::1 - - [26/Feb/2022:09:11:13 +0000] "GET /api/tasks?limit=3&page=2 HTTP/1.1" 200 346 "-" "PostmanRuntime/7.29.0"
::1 - - [26/Feb/2022:09:12:02 +0000] "GET /api/tasks?limit=6&page=2&sortBy=title:asc HTTP/1.1" 200 687 "-" "PostmanRuntime/7.29.0"
::1 - - [26/Feb/2022:09:12:16 +0000] "GET /api/tasks?limit=6&page=2&sortBy=createdAt:asc HTTP/1.1" 200 695 "-" "PostmanRuntime/7.29.0"
::1 - - [26/Feb/2022:09:12:49 +0000] "GET /api/tasks?limit=6&page=2&sortBy=createdAt:asc&status=in-progress HTTP/1.1" 404 28 "-" "PostmanRuntime/7.29.0"
::1 - - [26/Feb/2022:09:12:58 +0000] "GET /api/tasks?limit=6&page=2&sortBy=createdAt:asc&status=pending HTTP/1.1" 200 695 "-" "PostmanRuntime/7.29.0"
::1 - - [26/Feb/2022:09:13:26 +0000] "PUT /api/tasks/6219ecbe03651c6869ca2051 HTTP/1.1" 200 114 "-" "PostmanRuntime/7.29.0"
::1 - - [26/Feb/2022:09:13:47 +0000] "PUT /api/tasks/6219ecc603651c6869ca2054 HTTP/1.1" 200 114 "-" "PostmanRuntime/7.29.0"
::1 - - [26/Feb/2022:09:14:17 +0000] "PUT /api/tasks/6219ecb903651c6869ca2050 HTTP/1.1" - - "-" "PostmanRuntime/7.29.0"
::1 - - [26/Feb/2022:09:14:47 +0000] "GET /api/tasks/6219ecb903651c6869ca2050 HTTP/1.1" 200 114 "-" "PostmanRuntime/7.29.0"
::1 - - [26/Feb/2022:09:15:03 +0000] "PUT /api/tasks/6219ecb903651c6869ca2050 HTTP/1.1" 500 2 "-" "PostmanRuntime/7.29.0"
::1 - - [26/Feb/2022:09:16:10 +0000] "PUT /api/tasks/6219ecb903651c6869ca2050 HTTP/1.1" 200 118 "-" "PostmanRuntime/7.29.0"
::1 - - [26/Feb/2022:09:16:29 +0000] "GET /api/tasks?status=in-progress HTTP/1.1" 200 120 "-" "PostmanRuntime/7.29.0"
::1 - - [26/Feb/2022:09:42:45 +0000] "POST /api/users/email HTTP/1.1" 500 2 "-" "PostmanRuntime/7.29.0"
::1 - - [26/Feb/2022:09:43:16 +0000] "POST /api/users/email HTTP/1.1" 500 32 "-" "PostmanRuntime/7.29.0"
::1 - - [26/Feb/2022:09:44:14 +0000] "POST /api/users/email HTTP/1.1" 200 45 "-" "PostmanRuntime/7.29.0"
::1 - - [26/Feb/2022:09:46:01 +0000] "POST /api/users/email HTTP/1.1" 200 38 "-" "PostmanRuntime/7.29.0"
::1 - - [26/Feb/2022:09:46:31 +0000] "POST /api/users/email HTTP/1.1" 200 108 "-" "PostmanRuntime/7.29.0"
::1 - - [26/Feb/2022:09:47:45 +0000] "POST /api/users/email HTTP/1.1" 200 60 "-" "PostmanRuntime/7.29.0"
::1 - - [26/Feb/2022:10:09:56 +0000] "POST /api/users HTTP/1.1" 201 39 "-" "PostmanRuntime/7.29.0"
::1 - - [26/Feb/2022:10:11:41 +0000] "POST /api/users HTTP/1.1" 201 39 "-" "PostmanRuntime/7.29.0"
::1 - - [26/Feb/2022:10:19:09 +0000] "POST /api/users HTTP/1.1" 201 39 "-" "PostmanRuntime/7.29.0"
::1 - - [26/Feb/2022:10:24:39 +0000] "POST /api/users HTTP/1.1" 201 104 "-" "PostmanRuntime/7.29.0"
::1 - - [26/Feb/2022:10:42:13 +0000] "POST /api/users HTTP/1.1" 201 104 "-" "PostmanRuntime/7.29.0"
::1 - - [26/Feb/2022:10:42:21 +0000] "GET /api/users/verify/eyJhbGciOiJIUzI1NiIsInR5cCI6IkpXVCJ9.eyJpZCI6IjYyMWEwNDA0NTRiYWYzMzg5OTU2MTg4MCIsImVtYWlsIjoiYWxpc29uLnZhbmRyb21tZTAwN0BnbWFpbC5jb20iLCJpYXQiOjE2NDU4NzIxMzJ9.4X5lDYn55-PhZa8ZF_IqJ-tHPU5gMR7s_3wKhZmylH4 HTTP/1.1" 500 2 "-" "Mozilla/5.0 (Windows NT 10.0; Win64; x64) AppleWebKit/537.36 (KHTML, like Gecko) Chrome/98.0.4758.102 Safari/537.36"
::1 - - [26/Feb/2022:10:42:21 +0000] "GET /images/icons/gear.png HTTP/1.1" 404 160 "http://localhost:3000/api/users/verify/eyJhbGciOiJIUzI1NiIsInR5cCI6IkpXVCJ9.eyJpZCI6IjYyMWEwNDA0NTRiYWYzMzg5OTU2MTg4MCIsImVtYWlsIjoiYWxpc29uLnZhbmRyb21tZTAwN0BnbWFpbC5jb20iLCJpYXQiOjE2NDU4NzIxMzJ9.4X5lDYn55-PhZa8ZF_IqJ-tHPU5gMR7s_3wKhZmylH4" "Mozilla/5.0 (Windows NT 10.0; Win64; x64) AppleWebKit/537.36 (KHTML, like Gecko) Chrome/98.0.4758.102 Safari/537.36"
::1 - - [26/Feb/2022:10:42:21 +0000] "GET /favicon.ico HTTP/1.1" 404 150 "http://localhost:3000/api/users/verify/eyJhbGciOiJIUzI1NiIsInR5cCI6IkpXVCJ9.eyJpZCI6IjYyMWEwNDA0NTRiYWYzMzg5OTU2MTg4MCIsImVtYWlsIjoiYWxpc29uLnZhbmRyb21tZTAwN0BnbWFpbC5jb20iLCJpYXQiOjE2NDU4NzIxMzJ9.4X5lDYn55-PhZa8ZF_IqJ-tHPU5gMR7s_3wKhZmylH4" "Mozilla/5.0 (Windows NT 10.0; Win64; x64) AppleWebKit/537.36 (KHTML, like Gecko) Chrome/98.0.4758.102 Safari/537.36"
::1 - - [26/Feb/2022:10:42:23 +0000] "GET /service-worker.js HTTP/1.1" 404 156 "http://localhost:3000/service-worker.js" "Mozilla/5.0 (Windows NT 10.0; Win64; x64) AppleWebKit/537.36 (KHTML, like Gecko) Chrome/98.0.4758.102 Safari/537.36"
::1 - - [26/Feb/2022:10:42:58 +0000] "GET /service-worker.js HTTP/1.1" 404 156 "http://localhost:3000/service-worker.js" "Mozilla/5.0 (Windows NT 10.0; Win64; x64) AppleWebKit/537.36 (KHTML, like Gecko) Chrome/98.0.4758.102 Safari/537.36"
::1 - - [26/Feb/2022:10:43:34 +0000] "GET /api/users/verify/eyJhbGciOiJIUzI1NiIsInR5cCI6IkpXVCJ9.eyJpZCI6IjYyMWEwNDA0NTRiYWYzMzg5OTU2MTg4MCIsImVtYWlsIjoiYWxpc29uLnZhbmRyb21tZTAwN0BnbWFpbC5jb20iLCJpYXQiOjE2NDU4NzIxMzJ9.4X5lDYn55-PhZa8ZF_IqJ-tHPU5gMR7s_3wKhZmylH4 HTTP/1.1" 500 18 "-" "Mozilla/5.0 (Windows NT 10.0; Win64; x64) AppleWebKit/537.36 (KHTML, like Gecko) Chrome/98.0.4758.102 Safari/537.36"
::1 - - [26/Feb/2022:10:43:35 +0000] "GET /images/icons/gear.png HTTP/1.1" 404 160 "http://localhost:3000/api/users/verify/eyJhbGciOiJIUzI1NiIsInR5cCI6IkpXVCJ9.eyJpZCI6IjYyMWEwNDA0NTRiYWYzMzg5OTU2MTg4MCIsImVtYWlsIjoiYWxpc29uLnZhbmRyb21tZTAwN0BnbWFpbC5jb20iLCJpYXQiOjE2NDU4NzIxMzJ9.4X5lDYn55-PhZa8ZF_IqJ-tHPU5gMR7s_3wKhZmylH4" "Mozilla/5.0 (Windows NT 10.0; Win64; x64) AppleWebKit/537.36 (KHTML, like Gecko) Chrome/98.0.4758.102 Safari/537.36"
::1 - - [26/Feb/2022:10:43:36 +0000] "GET /service-worker.js HTTP/1.1" 404 156 "http://localhost:3000/service-worker.js" "Mozilla/5.0 (Windows NT 10.0; Win64; x64) AppleWebKit/537.36 (KHTML, like Gecko) Chrome/98.0.4758.102 Safari/537.36"
::1 - - [26/Feb/2022:10:44:12 +0000] "GET /service-worker.js HTTP/1.1" 404 156 "http://localhost:3000/service-worker.js" "Mozilla/5.0 (Windows NT 10.0; Win64; x64) AppleWebKit/537.36 (KHTML, like Gecko) Chrome/98.0.4758.102 Safari/537.36"
::1 - - [26/Feb/2022:10:44:33 +0000] "GET /api/users/verify/eyJhbGciOiJIUzI1NiIsInR5cCI6IkpXVCJ9.eyJpZCI6IjYyMWEwNDA0NTRiYWYzMzg5OTU2MTg4MCIsImVtYWlsIjoiYWxpc29uLnZhbmRyb21tZTAwN0BnbWFpbC5jb20iLCJpYXQiOjE2NDU4NzIxMzJ9.4X5lDYn55-PhZa8ZF_IqJ-tHPU5gMR7s_3wKhZmylH4 HTTP/1.1" 500 18 "-" "Mozilla/5.0 (Windows NT 10.0; Win64; x64) AppleWebKit/537.36 (KHTML, like Gecko) Chrome/98.0.4758.102 Safari/537.36"
::1 - - [26/Feb/2022:10:44:33 +0000] "GET /images/icons/gear.png HTTP/1.1" 404 160 "http://localhost:3000/api/users/verify/eyJhbGciOiJIUzI1NiIsInR5cCI6IkpXVCJ9.eyJpZCI6IjYyMWEwNDA0NTRiYWYzMzg5OTU2MTg4MCIsImVtYWlsIjoiYWxpc29uLnZhbmRyb21tZTAwN0BnbWFpbC5jb20iLCJpYXQiOjE2NDU4NzIxMzJ9.4X5lDYn55-PhZa8ZF_IqJ-tHPU5gMR7s_3wKhZmylH4" "Mozilla/5.0 (Windows NT 10.0; Win64; x64) AppleWebKit/537.36 (KHTML, like Gecko) Chrome/98.0.4758.102 Safari/537.36"
::1 - - [26/Feb/2022:10:44:34 +0000] "GET /service-worker.js HTTP/1.1" 404 156 "http://localhost:3000/service-worker.js" "Mozilla/5.0 (Windows NT 10.0; Win64; x64) AppleWebKit/537.36 (KHTML, like Gecko) Chrome/98.0.4758.102 Safari/537.36"
::1 - - [26/Feb/2022:10:45:11 +0000] "GET /service-worker.js HTTP/1.1" 404 156 "http://localhost:3000/service-worker.js" "Mozilla/5.0 (Windows NT 10.0; Win64; x64) AppleWebKit/537.36 (KHTML, like Gecko) Chrome/98.0.4758.102 Safari/537.36"
::1 - - [26/Feb/2022:10:45:24 +0000] "GET /api/users/verify/eyJhbGciOiJIUzI1NiIsInR5cCI6IkpXVCJ9.eyJpZCI6IjYyMWEwNDA0NTRiYWYzMzg5OTU2MTg4MCIsImVtYWlsIjoiYWxpc29uLnZhbmRyb21tZTAwN0BnbWFpbC5jb20iLCJpYXQiOjE2NDU4NzIxMzJ9.4X5lDYn55-PhZa8ZF_IqJ-tHPU5gMR7s_3wKhZmylH4 HTTP/1.1" 500 18 "-" "Mozilla/5.0 (Windows NT 10.0; Win64; x64) AppleWebKit/537.36 (KHTML, like Gecko) Chrome/98.0.4758.102 Safari/537.36"
::1 - - [26/Feb/2022:10:45:24 +0000] "GET /images/icons/gear.png HTTP/1.1" 404 160 "http://localhost:3000/api/users/verify/eyJhbGciOiJIUzI1NiIsInR5cCI6IkpXVCJ9.eyJpZCI6IjYyMWEwNDA0NTRiYWYzMzg5OTU2MTg4MCIsImVtYWlsIjoiYWxpc29uLnZhbmRyb21tZTAwN0BnbWFpbC5jb20iLCJpYXQiOjE2NDU4NzIxMzJ9.4X5lDYn55-PhZa8ZF_IqJ-tHPU5gMR7s_3wKhZmylH4" "Mozilla/5.0 (Windows NT 10.0; Win64; x64) AppleWebKit/537.36 (KHTML, like Gecko) Chrome/98.0.4758.102 Safari/537.36"
::1 - - [26/Feb/2022:10:45:26 +0000] "GET /service-worker.js HTTP/1.1" 404 156 "http://localhost:3000/service-worker.js" "Mozilla/5.0 (Windows NT 10.0; Win64; x64) AppleWebKit/537.36 (KHTML, like Gecko) Chrome/98.0.4758.102 Safari/537.36"
::1 - - [26/Feb/2022:10:46:01 +0000] "GET /service-worker.js HTTP/1.1" 404 156 "http://localhost:3000/service-worker.js" "Mozilla/5.0 (Windows NT 10.0; Win64; x64) AppleWebKit/537.36 (KHTML, like Gecko) Chrome/98.0.4758.102 Safari/537.36"
::1 - - [26/Feb/2022:10:46:15 +0000] "GET /api/users/verify/eyJhbGciOiJIUzI1NiIsInR5cCI6IkpXVCJ9.eyJpZCI6IjYyMWEwNDA0NTRiYWYzMzg5OTU2MTg4MCIsImVtYWlsIjoiYWxpc29uLnZhbmRyb21tZTAwN0BnbWFpbC5jb20iLCJpYXQiOjE2NDU4NzIxMzJ9.4X5lDYn55-PhZa8ZF_IqJ-tHPU5gMR7s_3wKhZmylH4 HTTP/1.1" 500 18 "-" "Mozilla/5.0 (Windows NT 10.0; Win64; x64) AppleWebKit/537.36 (KHTML, like Gecko) Chrome/98.0.4758.102 Safari/537.36"
::1 - - [26/Feb/2022:10:46:16 +0000] "GET /images/icons/gear.png HTTP/1.1" 404 160 "http://localhost:3000/api/users/verify/eyJhbGciOiJIUzI1NiIsInR5cCI6IkpXVCJ9.eyJpZCI6IjYyMWEwNDA0NTRiYWYzMzg5OTU2MTg4MCIsImVtYWlsIjoiYWxpc29uLnZhbmRyb21tZTAwN0BnbWFpbC5jb20iLCJpYXQiOjE2NDU4NzIxMzJ9.4X5lDYn55-PhZa8ZF_IqJ-tHPU5gMR7s_3wKhZmylH4" "Mozilla/5.0 (Windows NT 10.0; Win64; x64) AppleWebKit/537.36 (KHTML, like Gecko) Chrome/98.0.4758.102 Safari/537.36"
::1 - - [26/Feb/2022:10:46:17 +0000] "GET /service-worker.js HTTP/1.1" 404 156 "http://localhost:3000/service-worker.js" "Mozilla/5.0 (Windows NT 10.0; Win64; x64) AppleWebKit/537.36 (KHTML, like Gecko) Chrome/98.0.4758.102 Safari/537.36"
::1 - - [26/Feb/2022:10:46:51 +0000] "GET /api/users/verify/eyJhbGciOiJIUzI1NiIsInR5cCI6IkpXVCJ9.eyJpZCI6IjYyMWEwNDA0NTRiYWYzMzg5OTU2MTg4MCIsImVtYWlsIjoiYWxpc29uLnZhbmRyb21tZTAwN0BnbWFpbC5jb20iLCJpYXQiOjE2NDU4NzIxMzJ9.4X5lDYn55-PhZa8ZF_IqJ-tHPU5gMR7s_3wKhZmylH4 HTTP/1.1" 500 18 "-" "Mozilla/5.0 (Windows NT 10.0; Win64; x64) AppleWebKit/537.36 (KHTML, like Gecko) Chrome/98.0.4758.102 Safari/537.36"
::1 - - [26/Feb/2022:10:46:51 +0000] "GET /images/icons/gear.png HTTP/1.1" 404 160 "http://localhost:3000/api/users/verify/eyJhbGciOiJIUzI1NiIsInR5cCI6IkpXVCJ9.eyJpZCI6IjYyMWEwNDA0NTRiYWYzMzg5OTU2MTg4MCIsImVtYWlsIjoiYWxpc29uLnZhbmRyb21tZTAwN0BnbWFpbC5jb20iLCJpYXQiOjE2NDU4NzIxMzJ9.4X5lDYn55-PhZa8ZF_IqJ-tHPU5gMR7s_3wKhZmylH4" "Mozilla/5.0 (Windows NT 10.0; Win64; x64) AppleWebKit/537.36 (KHTML, like Gecko) Chrome/98.0.4758.102 Safari/537.36"
::1 - - [26/Feb/2022:10:46:53 +0000] "GET /service-worker.js HTTP/1.1" 404 156 "http://localhost:3000/service-worker.js" "Mozilla/5.0 (Windows NT 10.0; Win64; x64) AppleWebKit/537.36 (KHTML, like Gecko) Chrome/98.0.4758.102 Safari/537.36"
::1 - - [26/Feb/2022:10:47:12 +0000] "GET /api/users/verify/eyJhbGciOiJIUzI1NiIsInR5cCI6IkpXVCJ9.eyJpZCI6IjYyMWEwNDA0NTRiYWYzMzg5OTU2MTg4MCIsImVtYWlsIjoiYWxpc29uLnZhbmRyb21tZTAwN0BnbWFpbC5jb20iLCJpYXQiOjE2NDU4NzIxMzJ9.4X5lDYn55-PhZa8ZF_IqJ-tHPU5gMR7s_3wKhZmylH4 HTTP/1.1" 200 27 "-" "Mozilla/5.0 (Windows NT 10.0; Win64; x64) AppleWebKit/537.36 (KHTML, like Gecko) Chrome/98.0.4758.102 Safari/537.36"
::1 - - [26/Feb/2022:10:47:14 +0000] "GET /service-worker.js HTTP/1.1" 404 156 "http://localhost:3000/service-worker.js" "Mozilla/5.0 (Windows NT 10.0; Win64; x64) AppleWebKit/537.36 (KHTML, like Gecko) Chrome/98.0.4758.102 Safari/537.36"
::1 - - [26/Feb/2022:10:47:50 +0000] "GET /service-worker.js HTTP/1.1" 404 156 "http://localhost:3000/service-worker.js" "Mozilla/5.0 (Windows NT 10.0; Win64; x64) AppleWebKit/537.36 (KHTML, like Gecko) Chrome/98.0.4758.102 Safari/537.36"
::1 - - [26/Feb/2022:10:51:39 +0000] "POST /api/users/login HTTP/1.1" 200 450 "-" "PostmanRuntime/7.29.0"
::1 - - [26/Feb/2022:10:52:23 +0000] "POST /api/users/login HTTP/1.1" 500 18 "-" "PostmanRuntime/7.29.0"
::1 - - [26/Feb/2022:10:52:41 +0000] "POST /api/users/login HTTP/1.1" 500 18 "-" "PostmanRuntime/7.29.0"
::1 - - [26/Feb/2022:10:53:19 +0000] "POST /api/users/login HTTP/1.1" 400 19 "-" "PostmanRuntime/7.29.0"
::1 - - [26/Feb/2022:10:53:45 +0000] "POST /api/users/login HTTP/1.1" 400 31 "-" "PostmanRuntime/7.29.0"
::1 - - [26/Feb/2022:10:53:58 +0000] "POST /api/users/login HTTP/1.1" 200 450 "-" "PostmanRuntime/7.29.0"
::1 - - [28/Feb/2022:12:08:46 +0000] "GET /api/docs/ HTTP/1.1" 304 - "-" "Mozilla/5.0 (Windows NT 10.0; Win64; x64) AppleWebKit/537.36 (KHTML, like Gecko) Chrome/98.0.4758.102 Safari/537.36"
::1 - - [28/Feb/2022:12:08:46 +0000] "GET /api/docs/swagger-ui-init.js HTTP/1.1" 200 13200 "http://localhost:3000/api/docs/" "Mozilla/5.0 (Windows NT 10.0; Win64; x64) AppleWebKit/537.36 (KHTML, like Gecko) Chrome/98.0.4758.102 Safari/537.36"
::1 - - [28/Feb/2022:12:08:46 +0000] "GET /api/docs/swagger-ui.css HTTP/1.1" 304 - "http://localhost:3000/api/docs/" "Mozilla/5.0 (Windows NT 10.0; Win64; x64) AppleWebKit/537.36 (KHTML, like Gecko) Chrome/98.0.4758.102 Safari/537.36"
::1 - - [28/Feb/2022:12:08:46 +0000] "GET /api/docs/swagger-ui-bundle.js HTTP/1.1" 304 - "http://localhost:3000/api/docs/" "Mozilla/5.0 (Windows NT 10.0; Win64; x64) AppleWebKit/537.36 (KHTML, like Gecko) Chrome/98.0.4758.102 Safari/537.36"
::1 - - [28/Feb/2022:12:08:46 +0000] "GET /api/docs/swagger-ui-standalone-preset.js HTTP/1.1" 304 - "http://localhost:3000/api/docs/" "Mozilla/5.0 (Windows NT 10.0; Win64; x64) AppleWebKit/537.36 (KHTML, like Gecko) Chrome/98.0.4758.102 Safari/537.36"
::1 - - [28/Feb/2022:12:08:46 +0000] "GET /api/docs/swagger-ui-init.js HTTP/1.1" 200 13200 "-" "Mozilla/5.0 (Windows NT 10.0; Win64; x64) AppleWebKit/537.36 (KHTML, like Gecko) Chrome/98.0.4758.102 Safari/537.36"
::1 - - [28/Feb/2022:12:08:46 +0000] "GET /api/docs/swagger-ui-standalone-preset.js HTTP/1.1" 304 - "-" "Mozilla/5.0 (Windows NT 10.0; Win64; x64) AppleWebKit/537.36 (KHTML, like Gecko) Chrome/98.0.4758.102 Safari/537.36"
::1 - - [28/Feb/2022:12:08:46 +0000] "GET /api/docs/swagger-ui-bundle.js HTTP/1.1" 304 - "-" "Mozilla/5.0 (Windows NT 10.0; Win64; x64) AppleWebKit/537.36 (KHTML, like Gecko) Chrome/98.0.4758.102 Safari/537.36"
::1 - - [28/Feb/2022:12:08:48 +0000] "GET /service-worker.js HTTP/1.1" 404 156 "http://localhost:3000/service-worker.js" "Mozilla/5.0 (Windows NT 10.0; Win64; x64) AppleWebKit/537.36 (KHTML, like Gecko) Chrome/98.0.4758.102 Safari/537.36"
::1 - - [28/Feb/2022:12:09:23 +0000] "GET /service-worker.js HTTP/1.1" 404 156 "http://localhost:3000/service-worker.js" "Mozilla/5.0 (Windows NT 10.0; Win64; x64) AppleWebKit/537.36 (KHTML, like Gecko) Chrome/98.0.4758.102 Safari/537.36"
::1 - - [28/Feb/2022:12:10:15 +0000] "GET /api/docs/ HTTP/1.1" 304 - "-" "Mozilla/5.0 (Windows NT 10.0; Win64; x64) AppleWebKit/537.36 (KHTML, like Gecko) Chrome/98.0.4758.102 Safari/537.36"
::1 - - [28/Feb/2022:12:10:15 +0000] "GET /api/docs/swagger-ui.css HTTP/1.1" 304 - "http://localhost:3000/api/docs/" "Mozilla/5.0 (Windows NT 10.0; Win64; x64) AppleWebKit/537.36 (KHTML, like Gecko) Chrome/98.0.4758.102 Safari/537.36"
::1 - - [28/Feb/2022:12:10:15 +0000] "GET /api/docs/swagger-ui-bundle.js HTTP/1.1" 304 - "http://localhost:3000/api/docs/" "Mozilla/5.0 (Windows NT 10.0; Win64; x64) AppleWebKit/537.36 (KHTML, like Gecko) Chrome/98.0.4758.102 Safari/537.36"
::1 - - [28/Feb/2022:12:10:15 +0000] "GET /api/docs/swagger-ui-init.js HTTP/1.1" 200 12886 "http://localhost:3000/api/docs/" "Mozilla/5.0 (Windows NT 10.0; Win64; x64) AppleWebKit/537.36 (KHTML, like Gecko) Chrome/98.0.4758.102 Safari/537.36"
::1 - - [28/Feb/2022:12:10:15 +0000] "GET /api/docs/swagger-ui-standalone-preset.js HTTP/1.1" 304 - "http://localhost:3000/api/docs/" "Mozilla/5.0 (Windows NT 10.0; Win64; x64) AppleWebKit/537.36 (KHTML, like Gecko) Chrome/98.0.4758.102 Safari/537.36"
::1 - - [28/Feb/2022:12:10:15 +0000] "GET /api/docs/favicon-32x32.png HTTP/1.1" 304 - "http://localhost:3000/api/docs/" "Mozilla/5.0 (Windows NT 10.0; Win64; x64) AppleWebKit/537.36 (KHTML, like Gecko) Chrome/98.0.4758.102 Safari/537.36"
::1 - - [28/Feb/2022:12:10:17 +0000] "GET /service-worker.js HTTP/1.1" 404 156 "http://localhost:3000/service-worker.js" "Mozilla/5.0 (Windows NT 10.0; Win64; x64) AppleWebKit/537.36 (KHTML, like Gecko) Chrome/98.0.4758.102 Safari/537.36"
::1 - - [28/Feb/2022:12:10:52 +0000] "GET /service-worker.js HTTP/1.1" 404 156 "http://localhost:3000/service-worker.js" "Mozilla/5.0 (Windows NT 10.0; Win64; x64) AppleWebKit/537.36 (KHTML, like Gecko) Chrome/98.0.4758.102 Safari/537.36"
